<?xml version="1.0" encoding="UTF-8"?>
<!-- Generated by org.testng.reporters.JUnitReportReporter -->
<testsuite hostname="Sushils-MacBook-Air.local" failures="0" tests="1" name="testcases.verifyamazon" time="114.748" errors="0" timestamp="21 Nov 2022 04:11:49 GMT">
  <testcase classname="testcases.verifyamazon" name="testscript" time="114.748"/>
</testsuite> <!-- testcases.verifyamazon -->
