<?xml version="1.0" encoding="UTF-8"?>
<!-- Generated by org.testng.reporters.JUnitReportReporter -->
<testsuite hostname="Sushils-MacBook-Air.local" failures="0" tests="1" name="MobileRecharge.verifyamazon" time="95.675" errors="0" timestamp="19 Nov 2022 04:10:24 GMT">
  <testcase classname="MobileRecharge.verifyamazon" name="testtt" time="95.675"/>
</testsuite> <!-- MobileRecharge.verifyamazon -->
