<?xml version="1.0" encoding="UTF-8"?>
<!-- Generated by org.testng.reporters.JUnitReportReporter -->
<testsuite hostname="Sushils-MacBook-Air.local" failures="0" tests="1" name="MobileRecharge.verifyFixedDeposit" time="74.694" errors="0" timestamp="17 Oct 2022 04:43:27 GMT">
  <testcase classname="MobileRecharge.verifyFixedDeposit" name="testtt" time="74.694"/>
</testsuite> <!-- MobileRecharge.verifyFixedDeposit -->
